[13:05:32] [Client thread/INFO]: Setting user: Player312
[13:05:37] [Client thread/WARN]: Skipping bad option: lastServer:
[13:05:37] [Client thread/INFO]: LWJGL Version: 2.9.4
[13:05:40] [Client thread/INFO]: Reloading ResourceManager: Default, FMLFileResourcePack:Forge Mod Loader, FMLFileResourcePack:Minecraft Forge, FMLFileResourcePack:Mod Test By Derya, FMLFileResourcePack:Item Transform Helper
[13:05:44] [Sound Library Loader/INFO]: Starting up SoundSystem...
[13:05:44] [Thread-8/INFO]: Initializing LWJGL OpenAL
[13:05:44] [Thread-8/INFO]: (The LWJGL binding of OpenAL.  For more information, see http://www.lwjgl.org)
[13:05:45] [Thread-8/INFO]: OpenAL initialized.
[13:05:45] [Sound Library Loader/INFO]: Sound engine started
[13:05:49] [Client thread/INFO]: Created: 16x16 textures-atlas
[13:05:51] [Client thread/INFO]: Reloading ResourceManager: Default, FMLFileResourcePack:Forge Mod Loader, FMLFileResourcePack:Minecraft Forge, FMLFileResourcePack:Mod Test By Derya, FMLFileResourcePack:Item Transform Helper
[13:05:54] [Client thread/INFO]: SoundSystem shutting down...
[13:05:55] [Client thread/WARN]: Author: Paul Lamb, www.paulscode.com
[13:05:55] [Sound Library Loader/INFO]: Starting up SoundSystem...
[13:05:55] [Thread-10/INFO]: Initializing LWJGL OpenAL
[13:05:55] [Thread-10/INFO]: (The LWJGL binding of OpenAL.  For more information, see http://www.lwjgl.org)
[13:05:55] [Thread-10/INFO]: OpenAL initialized.
[13:05:55] [Sound Library Loader/INFO]: Sound engine started
[13:05:59] [Client thread/INFO]: Created: 1024x512 textures-atlas
[13:06:00] [Client thread/WARN]: Skipping bad option: lastServer:
[13:06:17] [Server thread/INFO]: Starting integrated minecraft server version 1.10.2
[13:06:17] [Server thread/INFO]: Generating keypair
[13:06:18] [Server thread/INFO]: Preparing start region for level 0
[13:06:19] [Server thread/INFO]: Preparing spawn area: 19%
[13:06:20] [Server thread/INFO]: Changing view distance to 12, from 10
[13:06:23] [Server thread/INFO]: Player312[local:E:18344803] logged in with entity id 334 at (-124.58254648131106, 70.0, 243.6526524776766)
[13:06:23] [Server thread/INFO]: Player312加入了游戏
[13:06:24] [Server thread/INFO]: Saving and pausing game...
[13:06:24] [Server thread/INFO]: Saving chunks for level '新的世界'/Overworld
[13:06:24] [Server thread/INFO]: Saving chunks for level '新的世界'/Nether
[13:06:24] [Server thread/INFO]: Saving chunks for level '新的世界'/The End
[13:06:24] [Server thread/INFO]: Saving and pausing game...
[13:06:24] [Server thread/INFO]: Saving chunks for level '新的世界'/Overworld
[13:06:24] [pool-2-thread-1/WARN]: Couldn't look up profile properties for com.mojang.authlib.GameProfile@34ba9a6e[id=d566deca-6b21-32cb-af90-4edf09eeac2e,name=Player312,properties={},legacy=false]
com.mojang.authlib.exceptions.AuthenticationException: The client has sent too many requests within a certain amount of time
	at com.mojang.authlib.yggdrasil.YggdrasilAuthenticationService.makeRequest(YggdrasilAuthenticationService.java:65) ~[YggdrasilAuthenticationService.class:?]
	at com.mojang.authlib.yggdrasil.YggdrasilMinecraftSessionService.fillGameProfile(YggdrasilMinecraftSessionService.java:175) [YggdrasilMinecraftSessionService.class:?]
	at com.mojang.authlib.yggdrasil.YggdrasilMinecraftSessionService$1.load(YggdrasilMinecraftSessionService.java:59) [YggdrasilMinecraftSessionService$1.class:?]
	at com.mojang.authlib.yggdrasil.YggdrasilMinecraftSessionService$1.load(YggdrasilMinecraftSessionService.java:56) [YggdrasilMinecraftSessionService$1.class:?]
	at com.google.common.cache.LocalCache$LoadingValueReference.loadFuture(LocalCache.java:3524) [guava-17.0.jar:?]
	at com.google.common.cache.LocalCache$Segment.loadSync(LocalCache.java:2317) [guava-17.0.jar:?]
	at com.google.common.cache.LocalCache$Segment.lockedGetOrLoad(LocalCache.java:2280) [guava-17.0.jar:?]
	at com.google.common.cache.LocalCache$Segment.get(LocalCache.java:2195) [guava-17.0.jar:?]
	at com.google.common.cache.LocalCache.get(LocalCache.java:3934) [guava-17.0.jar:?]
	at com.google.common.cache.LocalCache.getOrLoad(LocalCache.java:3938) [guava-17.0.jar:?]
	at com.google.common.cache.LocalCache$LocalLoadingCache.get(LocalCache.java:4821) [guava-17.0.jar:?]
	at com.google.common.cache.LocalCache$LocalLoadingCache.getUnchecked(LocalCache.java:4827) [guava-17.0.jar:?]
	at com.mojang.authlib.yggdrasil.YggdrasilMinecraftSessionService.fillProfileProperties(YggdrasilMinecraftSessionService.java:165) [YggdrasilMinecraftSessionService.class:?]
	at net.minecraft.client.Minecraft.getProfileProperties(Minecraft.java:3060) [Minecraft.class:?]
	at net.minecraft.client.resources.SkinManager$3.run(SkinManager.java:131) [SkinManager$3.class:?]
	at java.util.concurrent.Executors$RunnableAdapter.call(Unknown Source) [?:1.8.0_102]
	at java.util.concurrent.FutureTask.run(Unknown Source) [?:1.8.0_102]
	at java.util.concurrent.ThreadPoolExecutor.runWorker(Unknown Source) [?:1.8.0_102]
	at java.util.concurrent.ThreadPoolExecutor$Worker.run(Unknown Source) [?:1.8.0_102]
	at java.lang.Thread.run(Unknown Source) [?:1.8.0_102]
[13:06:24] [Server thread/INFO]: Saving chunks for level '新的世界'/Nether
[13:06:24] [Server thread/INFO]: Saving chunks for level '新的世界'/The End
[13:06:38] [Server thread/INFO]: Player312刚刚获得了[打开物品栏]成就！
[13:06:38] [Client thread/INFO]: [CHAT] Player312刚刚获得了[打开物品栏]成就！
[13:06:55] [Realms Notification Availability checker #1/INFO]: Could not authorize you against Realms server: Invalid session id
[13:07:06] [Server thread/INFO]: Saving and pausing game...
[13:07:06] [Server thread/INFO]: Saving chunks for level '新的世界'/Overworld
[13:07:07] [Server thread/INFO]: Saving chunks for level '新的世界'/Nether
[13:07:07] [Server thread/INFO]: Saving chunks for level '新的世界'/The End
[13:07:07] [Server thread/INFO]: Stopping server
[13:07:07] [Server thread/INFO]: Saving players
[13:07:07] [Server thread/INFO]: Saving worlds
[13:07:07] [Server thread/INFO]: Saving chunks for level '新的世界'/Overworld
[13:07:07] [Server thread/INFO]: Saving chunks for level '新的世界'/Nether
[13:07:07] [Server thread/INFO]: Saving chunks for level '新的世界'/The End
[13:07:09] [Client thread/INFO]: Stopping!
[13:07:09] [Client thread/INFO]: SoundSystem shutting down...
[13:07:09] [Client thread/WARN]: Author: Paul Lamb, www.paulscode.com
